Application is running with Unicode string encoding.
init_simulate_app:  mode = MECH_INIT_ONSTARTUP (INFO MESSAGE)
WARNING: Invalid search path file.
WARNING: Invalid search path file.
WARNING: Invalid search path file.
WARNING: Invalid search path file.
WARNING: Invalid search path file.
pglSetStatus::   Pgl Session Initialize (INFO MESSAGE)
Valid file wpplibs.cmp with extension cmp was not found in any of CURRENT_DIR,PROJ_LANG_TEXT_DIR,PROJ_TEXT_DIR,CUSTOM_LOCALE_FONT_DIR,PRO_LANG_TEXT_DIR,PRO_TEXT_DIR,MACHINE_LANG_TEXT_DIR,MACHINE_TEXT_DIR,PRO_FONT_DIR
Valid file wpplibs.cmp with extension cmp was not found in any of CURRENT_DIR,PROJ_LANG_TEXT_DIR,PROJ_TEXT_DIR,CUSTOM_LOCALE_FONT_DIR,PRO_LANG_TEXT_DIR,PRO_TEXT_DIR,MACHINE_LANG_TEXT_DIR,MACHINE_TEXT_DIR,PRO_FONT_DIR
uit_get_visual_style_low:  Style is PTC Creo 4 (INFO MESSAGE)
Running Pro/Engineer in no_graphics mode.  No windows will be displayed
init_simulate_app:  mode = MECH_INIT_ONSTARTUP (INFO MESSAGE)
GalleryBaseWdg::GalleryBaseWdg:  Activate command of 'ProCmdDwgTblFromGallery' should be type uiCmdTypeNone (INFO MESSAGE)
GalleryBaseWdg::GalleryBaseWdg:  Activate command of 'ProCmdCEFormatsGallery' should be type uiCmdTypeNone (INFO MESSAGE)
GalleryBaseWdg::GalleryBaseWdg:  Activate command of 'ProCmdCEFltFormatsGallery' should be type uiCmdTypeNone (INFO MESSAGE)
ProCmdSelBufferAttrSet():  Can't to find the command: ProCmdFaceted (INFO MESSAGE)
ProCmdSelBufferAttrSet():  Selection Buffer Attribute loaded 42 commands (INFO MESSAGE)
GalleryBaseWdg::GalleryBaseWdg:  Activate command of 'ProCmdMankSelGalPostr' should be type uiCmdTypeNone (INFO MESSAGE)
uit_CmdUiLoadIfNeeded:  The size of image 'man_postures_apply.bif' is not valid ('32x32') in short resource 'procmdmankapplgalpostr.res' (INFO MESSAGE)
_uit_adb_container_max_height:  The maximum group height in no graphics mode is 76 (INFO MESSAGE)
addHints:  adding UGC_NEUTRAL (INFO MESSAGE)
zTocMgr::internal_maybe_open:  hint is UGC_NEUTRAL (INFO MESSAGE)
ugc_check_version_dbtype:  file 67 != expected 7 (INFO MESSAGE)
addHints:  adding UGC_NEUTRAL (INFO MESSAGE)
zTocMgr::internal_maybe_open:  hint is UGC_NEUTRAL (INFO MESSAGE)
ugc_check_version_dbtype:  file 67 != expected 7 (INFO MESSAGE)
uit_CmdUiLoadIfNeeded:  The size of image 'session_warning_events32x16' is not valid ('32x16') in short resource 'procmdinfonmgrlightdlg.res' (INFO MESSAGE)
pglSetStatus::   PglWindowStartNoGraphics: Already in nographics mode. (INFO MESSAGE)

 run mode = 2
cadds5_link_app_path_name():  NuTCRACKER is not installed (INFO MESSAGE)
check_exec_file_accessible_():  C:\Program Files\PTC\Creo 4.0\M030\Common Files\\x86e_win64\obj\SWToPro.exe accessible (INFO MESSAGE)
check_exec_file_accessible_():  C:\Program Files\PTC\Creo 4.0\M030\Common Files\\x86e_win64\obj\SeodxToPro.exe accessible (INFO MESSAGE)
PFSDBArrToFilter:  shouldn't do both (INFO MESSAGE)
PFSTMakeTypeString:  no zip found (INFO MESSAGE)
uit_get_visual_style_low:  Style is PTC Creo 4 (INFO MESSAGE)
AdbPage::buildSizeStateTable:  Can't build Size State Table for page 'page_Home' (INFO MESSAGE)
ResizeControlWdg::resizeContainerHorz:  Can't resize the control bar properly (INFO MESSAGE)
pro_locate_colormap ()
located color definition C:\Program Files\PTC\Creo 4.0\M030\Common Files\graphic-library\appearances\appearance.dmt
pro_locate_colormap ()
located color definition C:\Program Files\PTC\Creo 4.0\M030\Common Files\graphic-library\appearances\global.dmt
pro_locate_colormap ()
located Default color definition C:\Program Files\PTC\Creo 4.0\M030\Common Files\graphic-library\appearances\default.dmt
creoapp_get_root_info:  no active workspace (INFO MESSAGE)
creoapp_get_root_info:  no workspace for 0 (INFO MESSAGE)
creoapp_get_root_info:  no roots? (INFO MESSAGE)
